c:\users\mpari\documents\coding projects\c++\unit 7 files\files\files\x64\debug\vc142.pdb
c:\users\mpari\documents\coding projects\c++\unit 7 files\files\files\x64\debug\vc142.idb
c:\users\mpari\documents\coding projects\c++\unit 7 files\files\files\x64\debug\files.obj
c:\users\mpari\documents\coding projects\c++\unit 7 files\files\files\x64\debug\wscreate.obj
e:\github repos\unit-7-files\files\files\x64\debug\vc142.pdb
e:\github repos\unit-7-files\files\files\x64\debug\vc142.idb
e:\github repos\unit-7-files\files\files\x64\debug\wscreate.obj
e:\github repos\unit-7-files\files\files\x64\debug\files.obj
e:\github repos\unit-7-files\files\files\x64\debug\wsread.obj
c:\users\mpari\documents\coding projects\c++\unit 7 files\files\x64\debug\files.exe
c:\users\mpari\documents\coding projects\c++\unit 7 files\files\x64\debug\files.ilk
c:\users\mpari\documents\coding projects\c++\unit 7 files\files\x64\debug\files.pdb
e:\github repos\unit-7-files\files\x64\debug\files.pdb
e:\github repos\unit-7-files\files\files\x64\debug\files.tlog\cl.command.1.tlog
e:\github repos\unit-7-files\files\files\x64\debug\files.tlog\cl.read.1.tlog
e:\github repos\unit-7-files\files\files\x64\debug\files.tlog\cl.write.1.tlog
e:\github repos\unit-7-files\files\files\x64\debug\files.tlog\link-cvtres.read.1.tlog
e:\github repos\unit-7-files\files\files\x64\debug\files.tlog\link-cvtres.write.1.tlog
e:\github repos\unit-7-files\files\files\x64\debug\files.tlog\link-rc.read.1.tlog
e:\github repos\unit-7-files\files\files\x64\debug\files.tlog\link-rc.write.1.tlog
e:\github repos\unit-7-files\files\files\x64\debug\files.tlog\link.17204-cvtres.read.1.tlog
e:\github repos\unit-7-files\files\files\x64\debug\files.tlog\link.17204-cvtres.write.1.tlog
e:\github repos\unit-7-files\files\files\x64\debug\files.tlog\link.17204-rc.read.1.tlog
e:\github repos\unit-7-files\files\files\x64\debug\files.tlog\link.17204-rc.write.1.tlog
e:\github repos\unit-7-files\files\files\x64\debug\files.tlog\link.17204.read.1.tlog
e:\github repos\unit-7-files\files\files\x64\debug\files.tlog\link.17204.write.1.tlog
e:\github repos\unit-7-files\files\files\x64\debug\files.tlog\link.command.1.tlog
e:\github repos\unit-7-files\files\files\x64\debug\files.tlog\link.read.1.tlog
e:\github repos\unit-7-files\files\files\x64\debug\files.tlog\link.write.1.tlog
